<?xml version="1.0" encoding="UTF-8" standalone="no"?>
<testsuite failures="0" name="cucumber.runtime.formatter.JUnitFormatter" skipped="0" tests="1" time="30.88499">
<testcase classname="BookreviewAndRecommendation login." name="User logins using correct credentials" time="30.88499">
<system-out><![CDATA[Given user is on the login page.............................................passed
When user enters username...................................................passed
And user enters password....................................................passed
And user clicks on Login button.............................................passed
Then user should land on home page..........................................passed
]]></system-out>
</testcase>
</testsuite>
